<?xml version='1.0' encoding='UTF-8'?>
<testsuite hostname="60XRNH2" name="HelloWorldTest" tests="1" errors="0" failures="0" skipped="0" time="0.022" timestamp="2018-11-15T15:36:20">
                     <properties>
[...]
</properties>
                     <testcase classname="HelloWorldTest" name="Say Hi!" time="0.022">
                                                 
                                               </testcase>
                     <system-out><![CDATA[]]></system-out>
                     <system-err><![CDATA[]]></system-err>
                   </testsuite>